<?xml version="1.0" encoding="UTF-8"?>
<!-- Generated by org.testng.reporters.JUnitReportReporter -->
<testsuite skipped="0" hostname="LAPTOP-4E2UIBNO" name="TestNGPackage.NewTest" tests="2" failures="0" timestamp="2022-08-23T12:44:43 IST" time="0.012" errors="0">
  <testcase name="test2" time="0.003" classname="TestNGPackage.NewTest"/>
  <system-out>
    <![CDATA[test 2 method]]>
  </system-out>
  <testcase name="test1" time="0.009" classname="TestNGPackage.NewTest"/>
  <system-out>
    <![CDATA[test 1 method]]>
  </system-out>
</testsuite> <!-- TestNGPackage.NewTest -->
