<?xml version="1.0" encoding="UTF-8"?>
<!-- Generated by org.testng.reporters.JUnitReportReporter -->
<testsuite skipped="0" hostname="LAPTOP-4E2UIBNO" name="TestNGPackage.ActiTimeTest" tests="3" failures="0" timestamp="2022-08-20T00:17:24 IST" time="0.021" errors="0">
  <testcase name="loginActiTime" time="0.012" classname="TestNGPackage.ActiTimeTest"/>
  <system-out>
    <![CDATA[Login Actitime]]>
  </system-out>
  <testcase name="createUserActiTime" time="0.003" classname="TestNGPackage.ActiTimeTest"/>
  <system-out>
    <![CDATA[Create User]]>
  </system-out>
  <testcase name="logoutActiTime" time="0.006" classname="TestNGPackage.ActiTimeTest"/>
  <system-out>
    <![CDATA[logout User]]>
  </system-out>
</testsuite> <!-- TestNGPackage.ActiTimeTest -->
