<?xml version="1.0" encoding="UTF-8"?>
<!-- Generated by org.testng.reporters.JUnitReportReporter -->
<testsuite skipped="0" hostname="LAPTOP-4E2UIBNO" name="TestNGPackage.NewTest1" tests="1" failures="0" timestamp="2022-08-17T16:07:11 IST" time="0.011" errors="0">
  <testcase name="f" time="0.011" classname="TestNGPackage.NewTest1"/>
  <system-out>
    <![CDATA[I am reporterlog]]>
  </system-out>
</testsuite> <!-- TestNGPackage.NewTest1 -->
