<?xml version="1.0" encoding="UTF-8"?>
<!-- Generated by org.testng.reporters.JUnitReportReporter -->
<testsuite skipped="0" hostname="LAPTOP-4E2UIBNO" name="TestNGPackage.SeleniumAssertion" tests="1" failures="0" timestamp="2022-08-25T15:42:26 IST" time="10.651" errors="0">
  <testcase name="seleniumTest" time="10.651" classname="TestNGPackage.SeleniumAssertion"/>
  <system-out>
    <![CDATA[homepage Title is verified]]>
  </system-out>
</testsuite> <!-- TestNGPackage.SeleniumAssertion -->
