<?xml version="1.0" encoding="UTF-8"?>
<!-- Generated by org.testng.reporters.JUnitReportReporter -->
<testsuite skipped="0" hostname="LAPTOP-4E2UIBNO" name="TestNGPackage.Class4" tests="1" failures="0" timestamp="2022-08-30T23:27:05 IST" time="5.013" errors="0">
  <testcase name="launchGoogle1" time="5.013" classname="TestNGPackage.Class4"/>
  <system-out/>
</testsuite> <!-- TestNGPackage.Class4 -->
