<?xml version="1.0" encoding="UTF-8"?>
<!-- Generated by org.testng.reporters.JUnitReportReporter -->
<testsuite skipped="0" hostname="LAPTOP-4E2UIBNO" name="TestNGPackage.Sumo" tests="1" failures="0" timestamp="2022-08-21T19:41:17 IST" time="0.001" errors="0">
  <testcase name="method3" time="0.001" classname="TestNGPackage.Sumo"/>
  <system-out>
    <![CDATA[method 3]]>
  </system-out>
</testsuite> <!-- TestNGPackage.Sumo -->
