<?xml version="1.0" encoding="UTF-8"?>
<!-- Generated by org.testng.reporters.JUnitReportReporter -->
<testsuite skipped="0" hostname="LAPTOP-4E2UIBNO" name="TestNGPackage.Class3" tests="1" failures="0" timestamp="2022-08-30T23:27:05 IST" time="6.277" errors="0">
  <testcase name="launchGoogle1" time="6.277" classname="TestNGPackage.Class3"/>
  <system-out/>
</testsuite> <!-- TestNGPackage.Class3 -->
